<?xml version="1.0" encoding="UTF-8"?>
<!-- Generated by org.testng.reporters.JUnitReportReporter -->
<testsuite hostname="DESKTOP-6SEV4V9" failures="0" tests="5" name="magentoWebSiteTest.myFristTest" time="17.465" errors="0" timestamp="2024-08-11T23:10:22 AST" skipped="4">
  <testcase classname="magentoWebSiteTest.myFristTest" name="addWomenItem" time="17.465"/>
  <system-out/>
  <testcase classname="magentoWebSiteTest.myFristTest" name="logOutPage">
    <skipped/>
  </testcase> <!-- logOutPage -->
  <system-out/>
  <testcase classname="magentoWebSiteTest.myFristTest" name="addToMenSection">
    <skipped/>
  </testcase> <!-- addToMenSection -->
  <system-out/>
  <testcase classname="magentoWebSiteTest.myFristTest" name="loginTest">
    <skipped/>
  </testcase> <!-- loginTest -->
  <system-out/>
  <testcase classname="magentoWebSiteTest.myFristTest" name="CeateAccountTest">
    <skipped/>
  </testcase> <!-- CeateAccountTest -->
  <system-out/>
</testsuite> <!-- magentoWebSiteTest.myFristTest -->
